app/build/intermediates/manifest_merge_blame_file/debug/manifest-merger-blame-debug-report.txt
1<?xml version="1.0" encoding="utf-8"?>
2<manifest xmlns:android="http://schemas.android.com/apk/res/android"
3    package="com.badrul.qnitibox"
4    android:installLocation="auto"
5    android:versionCode="1"
6    android:versionName="0.1" >
7
8    <uses-sdk
9        android:minSdkVersion="21"
9-->src\main\AndroidManifest.xml
10        android:targetSdkVersion="29" />
10-->src\main\AndroidManifest.xml
11
12    <uses-permission android:name="android.permission.INTERNET" />
12-->src\main\AndroidManifest.xml:6:5-67
12-->src\main\AndroidManifest.xml:6:22-64
13    <uses-permission android:name="android.permission.ACCESS_NETWORK_STATE" />
13-->src\main\AndroidManifest.xml:7:5-79
13-->src\main\AndroidManifest.xml:7:22-76
14
15    <application
15-->src\main\AndroidManifest.xml:9:5-112:19
16        android:allowBackup="true"
16-->src\main\AndroidManifest.xml:10:9-35
17        android:appComponentFactory="androidx.core.app.CoreComponentFactory"
17-->[androidx.core:core:1.0.0] AndroidManifest.xml:22:18-86
18        android:debuggable="true"
19        android:icon="@drawable/ic_launcher"
19-->src\main\AndroidManifest.xml:11:9-45
20        android:label="@string/app_name"
20-->src\main\AndroidManifest.xml:12:9-41
21        android:networkSecurityConfig="@xml/network_security_config"
21-->src\main\AndroidManifest.xml:13:9-69
22        android:theme="@style/SplashTheme" >
22-->src\main\AndroidManifest.xml:14:9-43
23        <activity android:name="com.badrul.qnitibox.OrderDetails" />
23-->src\main\AndroidManifest.xml:15:9-59
23-->src\main\AndroidManifest.xml:15:19-47
24        <activity android:name="com.badrul.qnitibox.OrderPage" />
24-->src\main\AndroidManifest.xml:16:9-47
24-->src\main\AndroidManifest.xml:16:19-44
25        <activity android:name="com.badrul.qnitibox.LoginPage" />
25-->src\main\AndroidManifest.xml:17:9-47
25-->src\main\AndroidManifest.xml:17:19-44
26        <activity
26-->src\main\AndroidManifest.xml:18:9-27:20
27            android:name="com.badrul.qnitibox.MenuType"
27-->src\main\AndroidManifest.xml:19:13-37
28            android:label="@string/app_name"
28-->src\main\AndroidManifest.xml:20:13-45
29            android:screenOrientation="portrait" >
29-->src\main\AndroidManifest.xml:21:13-49
30            <intent-filter>
30-->src\main\AndroidManifest.xml:22:13-26:29
31                <action android:name="android.intent.action.MAIN" />
31-->src\main\AndroidManifest.xml:23:17-69
31-->src\main\AndroidManifest.xml:23:25-66
32
33                <category android:name="android.intent.category.LAUNCHER" />
33-->src\main\AndroidManifest.xml:25:17-77
33-->src\main\AndroidManifest.xml:25:27-74
34            </intent-filter>
35        </activity>
36        <activity
36-->src\main\AndroidManifest.xml:28:9-30:52
37            android:name="com.badrul.qnitibox.SundayBreakfast"
37-->src\main\AndroidManifest.xml:29:13-44
38            android:screenOrientation="portrait" />
38-->src\main\AndroidManifest.xml:30:13-49
39        <activity
39-->src\main\AndroidManifest.xml:31:9-33:52
40            android:name="com.badrul.qnitibox.OrderMenu"
40-->src\main\AndroidManifest.xml:32:13-38
41            android:screenOrientation="portrait" />
41-->src\main\AndroidManifest.xml:33:13-49
42        <activity
42-->src\main\AndroidManifest.xml:34:9-36:52
43            android:name="com.badrul.qnitibox.WednesdayBreakfast"
43-->src\main\AndroidManifest.xml:35:13-47
44            android:screenOrientation="portrait" />
44-->src\main\AndroidManifest.xml:36:13-49
45        <activity
45-->src\main\AndroidManifest.xml:37:9-39:52
46            android:name="com.badrul.qnitibox.ErrorPage1"
46-->src\main\AndroidManifest.xml:38:13-39
47            android:screenOrientation="portrait" />
47-->src\main\AndroidManifest.xml:39:13-49
48        <activity
48-->src\main\AndroidManifest.xml:40:9-42:52
49            android:name="com.badrul.qnitibox.ErrorPage2"
49-->src\main\AndroidManifest.xml:41:13-39
50            android:screenOrientation="portrait" />
50-->src\main\AndroidManifest.xml:42:13-49
51        <activity
51-->src\main\AndroidManifest.xml:43:9-45:52
52            android:name="com.badrul.qnitibox.MondayBreakfast"
52-->src\main\AndroidManifest.xml:44:13-44
53            android:screenOrientation="portrait" />
53-->src\main\AndroidManifest.xml:45:13-49
54        <activity
54-->src\main\AndroidManifest.xml:46:9-48:52
55            android:name="com.badrul.qnitibox.TuesdayBreakfast"
55-->src\main\AndroidManifest.xml:47:13-45
56            android:screenOrientation="portrait" />
56-->src\main\AndroidManifest.xml:48:13-49
57        <activity
57-->src\main\AndroidManifest.xml:49:9-51:52
58            android:name="com.badrul.qnitibox.ThursdayBreakfast"
58-->src\main\AndroidManifest.xml:50:13-46
59            android:screenOrientation="portrait" />
59-->src\main\AndroidManifest.xml:51:13-49
60        <activity
60-->src\main\AndroidManifest.xml:52:9-54:52
61            android:name="com.badrul.qnitibox.SundayLunch"
61-->src\main\AndroidManifest.xml:53:13-40
62            android:screenOrientation="portrait" />
62-->src\main\AndroidManifest.xml:54:13-49
63        <activity
63-->src\main\AndroidManifest.xml:55:9-57:52
64            android:name="com.badrul.qnitibox.MondayLunch"
64-->src\main\AndroidManifest.xml:56:13-40
65            android:screenOrientation="portrait" />
65-->src\main\AndroidManifest.xml:57:13-49
66        <activity
66-->src\main\AndroidManifest.xml:58:9-60:52
67            android:name="com.badrul.qnitibox.TuesdayLunch"
67-->src\main\AndroidManifest.xml:59:13-41
68            android:screenOrientation="portrait" />
68-->src\main\AndroidManifest.xml:60:13-49
69        <activity
69-->src\main\AndroidManifest.xml:61:9-63:52
70            android:name="com.badrul.qnitibox.WednesdayLunch"
70-->src\main\AndroidManifest.xml:62:13-43
71            android:screenOrientation="portrait" />
71-->src\main\AndroidManifest.xml:63:13-49
72        <activity
72-->src\main\AndroidManifest.xml:64:9-66:52
73            android:name="com.badrul.qnitibox.ThursdayLunch"
73-->src\main\AndroidManifest.xml:65:13-42
74            android:screenOrientation="portrait" />
74-->src\main\AndroidManifest.xml:66:13-49
75        <activity
75-->src\main\AndroidManifest.xml:67:9-69:52
76            android:name="com.badrul.qnitibox.SundayDinner"
76-->src\main\AndroidManifest.xml:68:13-41
77            android:screenOrientation="portrait" />
77-->src\main\AndroidManifest.xml:69:13-49
78        <activity
78-->src\main\AndroidManifest.xml:70:9-72:52
79            android:name="com.badrul.qnitibox.MondayDinner"
79-->src\main\AndroidManifest.xml:71:13-41
80            android:screenOrientation="portrait" />
80-->src\main\AndroidManifest.xml:72:13-49
81        <activity
81-->src\main\AndroidManifest.xml:73:9-75:52
82            android:name="com.badrul.qnitibox.TuesdayDinner"
82-->src\main\AndroidManifest.xml:74:13-42
83            android:screenOrientation="portrait" />
83-->src\main\AndroidManifest.xml:75:13-49
84        <activity
84-->src\main\AndroidManifest.xml:76:9-78:52
85            android:name="com.badrul.qnitibox.WednesdayDinner"
85-->src\main\AndroidManifest.xml:77:13-44
86            android:screenOrientation="portrait" />
86-->src\main\AndroidManifest.xml:78:13-49
87        <activity
87-->src\main\AndroidManifest.xml:79:9-81:52
88            android:name="com.badrul.qnitibox.ThursdayDinner"
88-->src\main\AndroidManifest.xml:80:13-43
89            android:screenOrientation="portrait" />
89-->src\main\AndroidManifest.xml:81:13-49
90        <activity
90-->src\main\AndroidManifest.xml:82:9-84:52
91            android:name="com.badrul.qnitibox.HowTo"
91-->src\main\AndroidManifest.xml:83:13-34
92            android:screenOrientation="portrait" />
92-->src\main\AndroidManifest.xml:84:13-49
93        <activity
93-->src\main\AndroidManifest.xml:85:9-87:52
94            android:name="com.badrul.qnitibox.FeedbackPage"
94-->src\main\AndroidManifest.xml:86:13-41
95            android:screenOrientation="portrait" />
95-->src\main\AndroidManifest.xml:87:13-49
96        <activity
96-->src\main\AndroidManifest.xml:88:9-90:52
97            android:name="com.badrul.qnitibox.StaffOrder"
97-->src\main\AndroidManifest.xml:89:13-39
98            android:screenOrientation="portrait" />
98-->src\main\AndroidManifest.xml:90:13-49
99        <activity
99-->src\main\AndroidManifest.xml:91:9-93:52
100            android:name="com.badrul.qnitibox.FridayBreakfast"
100-->src\main\AndroidManifest.xml:92:13-44
101            android:screenOrientation="portrait" />
101-->src\main\AndroidManifest.xml:93:13-49
102        <activity
102-->src\main\AndroidManifest.xml:94:9-96:52
103            android:name="com.badrul.qnitibox.SaturdayBreakfast"
103-->src\main\AndroidManifest.xml:95:13-46
104            android:screenOrientation="portrait" />
104-->src\main\AndroidManifest.xml:96:13-49
105        <activity
105-->src\main\AndroidManifest.xml:97:9-99:52
106            android:name="com.badrul.qnitibox.FridayLunch"
106-->src\main\AndroidManifest.xml:98:13-40
107            android:screenOrientation="portrait" />
107-->src\main\AndroidManifest.xml:99:13-49
108        <activity
108-->src\main\AndroidManifest.xml:100:9-102:52
109            android:name="com.badrul.qnitibox.FridayDinner"
109-->src\main\AndroidManifest.xml:101:13-41
110            android:screenOrientation="portrait" />
110-->src\main\AndroidManifest.xml:102:13-49
111        <activity
111-->src\main\AndroidManifest.xml:103:9-105:52
112            android:name="com.badrul.qnitibox.SaturdayLunch"
112-->src\main\AndroidManifest.xml:104:13-42
113            android:screenOrientation="portrait" />
113-->src\main\AndroidManifest.xml:105:13-49
114        <activity
114-->src\main\AndroidManifest.xml:106:9-108:52
115            android:name="com.badrul.qnitibox.SaturdayDinner"
115-->src\main\AndroidManifest.xml:107:13-43
116            android:screenOrientation="portrait" />
116-->src\main\AndroidManifest.xml:108:13-49
117        <activity
117-->src\main\AndroidManifest.xml:109:9-111:52
118            android:name="com.badrul.qnitibox.HowToMenu"
118-->src\main\AndroidManifest.xml:110:13-38
119            android:screenOrientation="portrait" />
119-->src\main\AndroidManifest.xml:111:13-49
120    </application>
121
122</manifest>